
> smarter-job-portal-frontend@0.1.0 start
> react-scripts start

(node:18874) [DEP_WEBPACK_DEV_SERVER_ON_AFTER_SETUP_MIDDLEWARE] DeprecationWarning: 'onAfterSetupMiddleware' option is deprecated. Please use the 'setupMiddlewares' option.
(Use `node --trace-deprecation ...` to show where the warning was created)
(node:18874) [DEP_WEBPACK_DEV_SERVER_ON_BEFORE_SETUP_MIDDLEWARE] DeprecationWarning: 'onBeforeSetupMiddleware' option is deprecated. Please use the 'setupMiddlewares' option.
Starting the development server...


warn - As of Tailwind CSS v3.3, the `@tailwindcss/line-clamp` plugin is now included by default.
warn - Remove it from the `plugins` array in your configuration to eliminate this warning.
Compiled with warnings.

[eslint] 
src/components/AIInsights.jsx
  Line 6:10:  'summary' is assigned a value but never used  no-unused-vars

src/pages/Analytics.jsx
  Line 3:3:   'LineChart' is defined but never used        no-unused-vars
  Line 4:3:   'Line' is defined but never used             no-unused-vars
  Line 15:3:  'BarChart' is defined but never used         no-unused-vars
  Line 16:3:  'Bar' is defined but never used              no-unused-vars
  Line 17:3:  'RadialBarChart' is defined but never used   no-unused-vars
  Line 18:3:  'RadialBar' is defined but never used        no-unused-vars
  Line 86:9:  'COLORS' is assigned a value but never used  no-unused-vars

src/pages/Dashboard.jsx
  Line 4:72:  'FaBookmark' is defined but never used  no-unused-vars

src/pages/Internships.jsx
  Line 10:3:   'FaSlidersH' is defined but never used                                                                                       no-unused-vars
  Line 165:6:  React Hook useEffect has missing dependencies: 'qLocation' and 'qTitle'. Either include them or remove the dependency array  react-hooks/exhaustive-deps

Search for the keywords to learn more about each warning.
To ignore, add // eslint-disable-next-line to the line before.

WARNING in [eslint] 
src/components/AIInsights.jsx
  Line 6:10:  'summary' is assigned a value but never used  no-unused-vars

src/pages/Analytics.jsx
  Line 3:3:   'LineChart' is defined but never used        no-unused-vars
  Line 4:3:   'Line' is defined but never used             no-unused-vars
  Line 15:3:  'BarChart' is defined but never used         no-unused-vars
  Line 16:3:  'Bar' is defined but never used              no-unused-vars
  Line 17:3:  'RadialBarChart' is defined but never used   no-unused-vars
  Line 18:3:  'RadialBar' is defined but never used        no-unused-vars
  Line 86:9:  'COLORS' is assigned a value but never used  no-unused-vars

src/pages/Dashboard.jsx
  Line 4:72:  'FaBookmark' is defined but never used  no-unused-vars

src/pages/Internships.jsx
  Line 10:3:   'FaSlidersH' is defined but never used                                                                                       no-unused-vars
  Line 165:6:  React Hook useEffect has missing dependencies: 'qLocation' and 'qTitle'. Either include them or remove the dependency array  react-hooks/exhaustive-deps

webpack compiled with 1 warning
(node:18874) [DEP0060] DeprecationWarning: The `util._extend` API is deprecated. Please use Object.assign() instead.
